2021-07-06 02:32:56 [错误] [ TxtSourceLoader::ParseCodeRange ]         未知的变量: CQ
2021-07-06 02:32:56 [错误] [ TxtSourceLoader::ParseMethodCode ]          >> [行代码] 如果真 (CQ.连接 (编辑框_WS.内容, 编辑框_Token.内容))
2021-07-06 02:32:56 [错误] [ TxtSourceLoader::ParseCodeRange ]         未知的变量: CQ
2021-07-06 02:32:56 [错误] [ TxtSourceLoader::ParseCall ]              解析范围出错！[原因] 未知的变量: CQ
2021-07-06 02:32:56 [错误] [ TxtSourceLoader::ParseMethodCode ]          >> [行代码] CQ.断开 ()
2021-07-06 02:32:56 [错误] [ TxtSourceLoader::ParseCodeRange ]         未知的变量: CQ
2021-07-06 02:32:56 [错误] [ TxtSourceLoader::ParseCall ]              解析范围出错！[原因] 未知的变量: CQ
2021-07-06 02:32:56 [错误] [ TxtSourceLoader::ParseMethodCode ]          >> [行代码] CQ.HTTP获取群列表 (_启动窗口.编辑框_HTTP.内容, 群数据)
2021-07-06 02:32:57 [错误] [ TxtSourceLoader::ParseCodeRange ]         未知的变量: CQ
2021-07-06 02:32:57 [错误] [ TxtSourceLoader::ParseCall ]              解析范围出错！[原因] 未知的变量: CQ
2021-07-06 02:32:57 [错误] [ TxtSourceLoader::ParseMethodCode ]          >> [行代码] CQ.发送私聊消息 (user_id, b, 假)
2021-07-06 02:32:57 [错误] [ TxtSourceLoader::ParseCodeRange ]         未知的变量: CQ
2021-07-06 02:32:57 [错误] [ TxtSourceLoader::ParseCall ]              解析范围出错！[原因] 未知的变量: CQ
2021-07-06 02:32:57 [错误] [ TxtSourceLoader::ParseMethodCode ]          >> [行代码] CQ.发送群消息 (group_id, b, 假)
2021-07-06 02:32:57 [错误] [ TxtSourceLoader::ParseCodeRange ]         未知的变量: CQ
2021-07-06 02:32:57 [错误] [ TxtSourceLoader::ParseCall ]              解析范围出错！[原因] 未知的变量: CQ
2021-07-06 02:32:57 [错误] [ TxtSourceLoader::ParseMethodCode ]          >> [行代码] CQ.发送私聊消息 (user_id, CQ.Image (b, , “ 0”), 假)
2021-07-06 02:32:57 [错误] [ TxtSourceLoader::ParseCodeRange ]         未知的变量: CQ
2021-07-06 02:32:57 [错误] [ TxtSourceLoader::ParseCall ]              解析范围出错！[原因] 未知的变量: CQ
2021-07-06 02:32:57 [错误] [ TxtSourceLoader::ParseMethodCode ]          >> [行代码] CQ.发送群消息 (group_id, CQ.Image (b, , “0”), 假)
2021-07-06 02:32:57 [错误] [ TxtSourceLoader::ParseCodeRange ]         未知的变量: CQ
2021-07-06 02:32:57 [错误] [ TxtSourceLoader::ParseCall ]              解析范围出错！[原因] 未知的变量: CQ
2021-07-06 02:32:57 [错误] [ TxtSourceLoader::ParseMethodCode ]          >> [行代码] CQ.发送私聊消息 (user_id, “你还没有绑定”, 假)
2021-07-06 02:32:57 [错误] [ TxtSourceLoader::ParseCodeRange ]         未知的变量: CQ
2021-07-06 02:32:57 [错误] [ TxtSourceLoader::ParseCall ]              解析范围出错！[原因] 未知的变量: CQ
2021-07-06 02:32:57 [错误] [ TxtSourceLoader::ParseMethodCode ]          >> [行代码] CQ.发送群消息 (group_id, CQ.At (user_id) ＋ “你还没有绑定”, 假)
2021-07-06 02:32:57 [错误] [ TxtSourceLoader::ParseCodeRange ]         未知的变量: CQ
2021-07-06 02:32:57 [错误] [ TxtSourceLoader::ParseCall ]              解析范围出错！[原因] 未知的变量: CQ
2021-07-06 02:32:57 [错误] [ TxtSourceLoader::ParseMethodCode ]          >> [行代码] CQ.发送私聊消息 (user_id, “你还没有绑定”, 假)
2021-07-06 02:32:57 [错误] [ TxtSourceLoader::ParseCodeRange ]         未知的变量: CQ
2021-07-06 02:32:57 [错误] [ TxtSourceLoader::ParseCall ]              解析范围出错！[原因] 未知的变量: CQ
2021-07-06 02:32:57 [错误] [ TxtSourceLoader::ParseMethodCode ]          >> [行代码] CQ.发送群消息 (group_id, CQ.At (user_id) ＋ “你还没有绑定”, 假)
2021-07-06 02:32:57 [错误] [ TxtSourceLoader::ParseCodeRange ]         未知的变量: CQ
2021-07-06 02:32:57 [错误] [ TxtSourceLoader::ParseCall ]              解析范围出错！[原因] 未知的变量: CQ
2021-07-06 02:32:57 [错误] [ TxtSourceLoader::ParseMethodCode ]          >> [行代码] CQ.发送私聊消息 (user_id, “你还没有绑定”, 假)
2021-07-06 02:32:57 [错误] [ TxtSourceLoader::ParseCodeRange ]         未知的变量: CQ
2021-07-06 02:32:57 [错误] [ TxtSourceLoader::ParseCall ]              解析范围出错！[原因] 未知的变量: CQ
2021-07-06 02:32:57 [错误] [ TxtSourceLoader::ParseMethodCode ]          >> [行代码] CQ.发送群消息 (group_id, CQ.At (user_id) ＋ “你还没有绑定”, 假)
2021-07-06 02:32:57 [错误] [ TxtSourceLoader::ParseCodeRange ]         未知的变量: CQ
2021-07-06 02:32:57 [错误] [ TxtSourceLoader::ParseCall ]              解析范围出错！[原因] 未知的变量: CQ
2021-07-06 02:32:57 [错误] [ TxtSourceLoader::ParseMethodCode ]          >> [行代码] CQ.发送私聊消息 (user_id, “你还没有绑定”, 假)
2021-07-06 02:32:57 [错误] [ TxtSourceLoader::ParseCodeRange ]         未知的变量: CQ
2021-07-06 02:32:57 [错误] [ TxtSourceLoader::ParseCall ]              解析范围出错！[原因] 未知的变量: CQ
2021-07-06 02:32:57 [错误] [ TxtSourceLoader::ParseMethodCode ]          >> [行代码] CQ.发送群消息 (group_id, CQ.At (user_id) ＋ “你还没有绑定”, 假)
2021-07-06 02:32:57 [错误] [ TxtSourceLoader::ParseCodeRange ]         未知的变量: CQ
2021-07-06 02:32:57 [错误] [ TxtSourceLoader::ParseCall ]              解析范围出错！[原因] 未知的变量: CQ
2021-07-06 02:32:57 [错误] [ TxtSourceLoader::ParseMethodCode ]          >> [行代码] CQ.发送私聊消息 (user_id, “你还没有绑定”, 假)
2021-07-06 02:32:57 [错误] [ TxtSourceLoader::ParseCodeRange ]         未知的变量: CQ
2021-07-06 02:32:57 [错误] [ TxtSourceLoader::ParseCall ]              解析范围出错！[原因] 未知的变量: CQ
2021-07-06 02:32:57 [错误] [ TxtSourceLoader::ParseMethodCode ]          >> [行代码] CQ.发送群消息 (group_id, CQ.At (user_id) ＋ “你还没有绑定”, 假)
2021-07-06 02:32:57 [错误] [ TxtSourceLoader::ParseCodeRange ]         未知的变量: CQ
2021-07-06 02:32:57 [错误] [ TxtSourceLoader::ParseCall ]              解析范围出错！[原因] 未知的变量: CQ
2021-07-06 02:32:57 [错误] [ TxtSourceLoader::ParseMethodCode ]          >> [行代码] CQ.发送私聊消息 (user_id, “你还没有绑定”, 假)
2021-07-06 02:32:57 [错误] [ TxtSourceLoader::ParseCodeRange ]         未知的变量: CQ
2021-07-06 02:32:57 [错误] [ TxtSourceLoader::ParseCall ]              解析范围出错！[原因] 未知的变量: CQ
2021-07-06 02:32:57 [错误] [ TxtSourceLoader::ParseMethodCode ]          >> [行代码] CQ.发送群消息 (group_id, CQ.At (user_id) ＋ “你还没有绑定”, 假)
2021-07-06 02:32:57 [错误] [ TxtSourceLoader::ParseCodeRange ]         未知的变量: CQ
2021-07-06 02:32:57 [错误] [ TxtSourceLoader::ParseCall ]              解析范围出错！[原因] 未知的变量: CQ
2021-07-06 02:32:57 [错误] [ TxtSourceLoader::ParseMethodCode ]          >> [行代码] CQ.发送私聊消息 (user_id, id, 假)
2021-07-06 02:32:57 [错误] [ TxtSourceLoader::ParseCodeRange ]         未知的变量: CQ
2021-07-06 02:32:57 [错误] [ TxtSourceLoader::ParseCall ]              解析范围出错！[原因] 未知的变量: CQ
2021-07-06 02:32:57 [错误] [ TxtSourceLoader::ParseMethodCode ]          >> [行代码] CQ.发送群消息 (group_id, CQ.At (user_id) ＋ #换行符 ＋ id, 假)
2021-07-06 02:32:57 [错误] [ TxtSourceLoader::ParseCodeRange ]         未知的变量: CQ
2021-07-06 02:32:57 [错误] [ TxtSourceLoader::ParseCall ]              解析范围出错！[原因] 未知的变量: CQ
2021-07-06 02:32:57 [错误] [ TxtSourceLoader::ParseMethodCode ]          >> [行代码] CQ.发送私聊消息 (Q号, “不要着急嘛~~~要不打个手枪?”, 假)
2021-07-06 02:32:57 [错误] [ TxtSourceLoader::ParseCodeRange ]         未知的变量: CQ
2021-07-06 02:32:57 [错误] [ TxtSourceLoader::ParseCall ]              解析范围出错！[原因] 未知的变量: CQ
2021-07-06 02:32:57 [错误] [ TxtSourceLoader::ParseMethodCode ]          >> [行代码] CQ.发送群消息 (群号, CQ.At (Q号) ＋ “不要着急嘛~~~要不打个手枪?”, 假)
2021-07-06 02:32:57 [错误] [ TxtSourceLoader::ParseCodeRange ]         未知的变量: CQ
2021-07-06 02:32:57 [错误] [ TxtSourceLoader::ParseCall ]              解析范围出错！[原因] 未知的变量: CQ
2021-07-06 02:32:57 [错误] [ TxtSourceLoader::ParseMethodCode ]          >> [行代码] CQ.发送私聊消息 (Q号, “不要着急嘛~~~要不打个手枪?”, 假)
2021-07-06 02:32:57 [错误] [ TxtSourceLoader::ParseCodeRange ]         未知的变量: CQ
2021-07-06 02:32:57 [错误] [ TxtSourceLoader::ParseCall ]              解析范围出错！[原因] 未知的变量: CQ
2021-07-06 02:32:57 [错误] [ TxtSourceLoader::ParseMethodCode ]          >> [行代码] CQ.发送群消息 (群号, CQ.At (Q号) ＋ “不要着急嘛~~~要不打个手枪?”, 假)
2021-07-06 02:32:57 [错误] [ TxtSourceLoader::ParseCodeRange ]         未知的变量: CQ
2021-07-06 02:32:57 [错误] [ TxtSourceLoader::ParseCall ]              解析范围出错！[原因] 未知的变量: CQ
2021-07-06 02:32:57 [错误] [ TxtSourceLoader::ParseMethodCode ]          >> [行代码] CQ.发送私聊消息 (Q号, “截图 | 获取失败”, 假)
2021-07-06 02:32:57 [错误] [ TxtSourceLoader::ParseCodeRange ]         未知的变量: CQ
2021-07-06 02:32:57 [错误] [ TxtSourceLoader::ParseCall ]              解析范围出错！[原因] 未知的变量: CQ
2021-07-06 02:32:57 [错误] [ TxtSourceLoader::ParseMethodCode ]          >> [行代码] CQ.发送群消息 (群号, CQ.At (Q号) ＋ “截图 | 获取失败”, 假)
2021-07-06 02:32:57 [错误] [ TxtSourceLoader::ParseCodeRange ]         未知的变量: CQ
2021-07-06 02:32:57 [错误] [ TxtSourceLoader::ParseCall ]              解析范围出错！[原因] 未知的变量: CQ
2021-07-06 02:32:57 [错误] [ TxtSourceLoader::ParseMethodCode ]          >> [行代码] CQ.发送私聊消息 (Q号, CQ.Image (“file:///” ＋ 图片位置E), 假)
2021-07-06 02:32:57 [错误] [ TxtSourceLoader::ParseCodeRange ]         未知的变量: CQ
2021-07-06 02:32:57 [错误] [ TxtSourceLoader::ParseCall ]              解析范围出错！[原因] 未知的变量: CQ
2021-07-06 02:32:57 [错误] [ TxtSourceLoader::ParseMethodCode ]          >> [行代码] CQ.发送群消息 (群号, CQ.At (Q号) ＋ CQ.Image (“file:///” ＋ 图片位置E), 假)
2021-07-06 02:32:57 [错误] [ TxtSourceLoader::ParseCodeRange ]         未知的变量: CQ
2021-07-06 02:32:57 [错误] [ TxtSourceLoader::ParseCall ]              解析范围出错！[原因] 未知的变量: CQ
2021-07-06 02:32:57 [错误] [ TxtSourceLoader::ParseMethodCode ]          >> [行代码] CQ.发送私聊消息 (Q号, tmp, 假)
2021-07-06 02:32:57 [错误] [ TxtSourceLoader::ParseCodeRange ]         未知的变量: CQ
2021-07-06 02:32:57 [错误] [ TxtSourceLoader::ParseCall ]              解析范围出错！[原因] 未知的变量: CQ
2021-07-06 02:32:57 [错误] [ TxtSourceLoader::ParseMethodCode ]          >> [行代码] CQ.发送群消息 (群号, CQ.At (Q号) ＋ tmp, 假)
2021-07-06 02:32:57 [错误] [ TxtSourceLoader::ParseCodeRange ]         未知的变量: CQ
2021-07-06 02:32:57 [错误] [ TxtSourceLoader::ParseCall ]              解析范围出错！[原因] 未知的变量: CQ
2021-07-06 02:32:57 [错误] [ TxtSourceLoader::ParseMethodCode ]          >> [行代码] CQ.发送私聊消息 (Q号, Response, 假)
2021-07-06 02:32:57 [错误] [ TxtSourceLoader::ParseCodeRange ]         未知的变量: CQ
2021-07-06 02:32:57 [错误] [ TxtSourceLoader::ParseCall ]              解析范围出错！[原因] 未知的变量: CQ
2021-07-06 02:32:57 [错误] [ TxtSourceLoader::ParseMethodCode ]          >> [行代码] CQ.发送群消息 (群号, CQ.At (Q号) ＋ Response, 假)
2021-07-06 02:32:57 [错误] [ TxtSourceLoader::ParseCodeRange ]         未知的变量: CQ
2021-07-06 02:32:57 [错误] [ TxtSourceLoader::ParseCall ]              解析范围出错！[原因] 未知的变量: CQ
2021-07-06 02:32:57 [错误] [ TxtSourceLoader::ParseMethodCode ]          >> [行代码] CQ.发送私聊消息 (Q号, “不要着急嘛~~~要不打个手枪?”, 假)
2021-07-06 02:32:57 [错误] [ TxtSourceLoader::ParseCodeRange ]         未知的变量: CQ
2021-07-06 02:32:57 [错误] [ TxtSourceLoader::ParseCall ]              解析范围出错！[原因] 未知的变量: CQ
2021-07-06 02:32:57 [错误] [ TxtSourceLoader::ParseMethodCode ]          >> [行代码] CQ.发送群消息 (群号, CQ.At (Q号) ＋ “不要着急嘛~~~要不打个手枪?”, 假)
2021-07-06 02:32:57 [错误] [ TxtSourceLoader::ParseCodeRange ]         未知的变量: CQ
2021-07-06 02:32:57 [错误] [ TxtSourceLoader::ParseCall ]              解析范围出错！[原因] 未知的变量: CQ
2021-07-06 02:32:57 [错误] [ TxtSourceLoader::ParseMethodCode ]          >> [行代码] CQ.发送私聊消息 (Q号, CQ.Image (“file:///” ＋ 图片), 假)
2021-07-06 02:32:57 [错误] [ TxtSourceLoader::ParseCodeRange ]         未知的变量: CQ
2021-07-06 02:32:57 [错误] [ TxtSourceLoader::ParseCall ]              解析范围出错！[原因] 未知的变量: CQ
2021-07-06 02:32:57 [错误] [ TxtSourceLoader::ParseMethodCode ]          >> [行代码] CQ.发送群消息 (群号, CQ.At (Q号) ＋ CQ.Image (“file:///” ＋ 图片), 假)
2021-07-06 02:32:58 [错误] [ TxtSourceLoader::ParseCodeRange ]         未知的变量: CQ
2021-07-06 02:32:58 [错误] [ TxtSourceLoader::ParseCall ]              解析范围出错！[原因] 未知的变量: CQ
2021-07-06 02:32:58 [错误] [ TxtSourceLoader::ParseMethodCode ]          >> [行代码] CQ.发送私聊消息 (Q号, “GetHistoricalStatsForAccount: ” ＋ Response, 假)
2021-07-06 02:32:58 [错误] [ TxtSourceLoader::ParseCodeRange ]         未知的变量: CQ
2021-07-06 02:32:58 [错误] [ TxtSourceLoader::ParseCall ]              解析范围出错！[原因] 未知的变量: CQ
2021-07-06 02:32:58 [错误] [ TxtSourceLoader::ParseMethodCode ]          >> [行代码] CQ.发送群消息 (群号, CQ.At (Q号) ＋ “GetHistoricalStatsForAccount: ” ＋ Response, 假)
2021-07-06 02:32:58 [错误] [ TxtSourceLoader::ParseCodeRange ]         未知的变量: CQ
2021-07-06 02:32:58 [错误] [ TxtSourceLoader::ParseCall ]              解析范围出错！[原因] 未知的变量: CQ
2021-07-06 02:32:58 [错误] [ TxtSourceLoader::ParseMethodCode ]          >> [行代码] CQ.发送私聊消息 (Q号, “GetMembershipDataById: ” ＋ Response, 假)
2021-07-06 02:32:58 [错误] [ TxtSourceLoader::ParseCodeRange ]         未知的变量: CQ
2021-07-06 02:32:58 [错误] [ TxtSourceLoader::ParseCall ]              解析范围出错！[原因] 未知的变量: CQ
2021-07-06 02:32:58 [错误] [ TxtSourceLoader::ParseMethodCode ]          >> [行代码] CQ.发送群消息 (群号, CQ.At (Q号) ＋ “GetMembershipDataById: ” ＋ Response, 假)
2021-07-06 02:32:58 [错误] [ TxtSourceLoader::ParseCodeRange ]         未知的变量: CQ
2021-07-06 02:32:58 [错误] [ TxtSourceLoader::ParseCall ]              解析范围出错！[原因] 未知的变量: CQ
2021-07-06 02:32:58 [错误] [ TxtSourceLoader::ParseMethodCode ]          >> [行代码] CQ.发送私聊消息 (Q号, “不要着急嘛~~~要不打个手枪?”, 假)
2021-07-06 02:32:58 [错误] [ TxtSourceLoader::ParseCodeRange ]         未知的变量: CQ
2021-07-06 02:32:58 [错误] [ TxtSourceLoader::ParseCall ]              解析范围出错！[原因] 未知的变量: CQ
2021-07-06 02:32:58 [错误] [ TxtSourceLoader::ParseMethodCode ]          >> [行代码] CQ.发送群消息 (群号, CQ.At (Q号) ＋ “不要着急嘛~~~要不打个手枪?”, 假)
2021-07-06 02:32:58 [错误] [ TxtSourceLoader::ParseCodeRange ]         未知的变量: CQ
2021-07-06 02:32:58 [错误] [ TxtSourceLoader::ParseCall ]              解析范围出错！[原因] 未知的变量: CQ
2021-07-06 02:32:58 [错误] [ TxtSourceLoader::ParseMethodCode ]          >> [行代码] CQ.发送私聊消息 (Q号, CQ.Image (“file:///” ＋ 图片), 假)
2021-07-06 02:32:58 [错误] [ TxtSourceLoader::ParseCodeRange ]         未知的变量: CQ
2021-07-06 02:32:58 [错误] [ TxtSourceLoader::ParseCall ]              解析范围出错！[原因] 未知的变量: CQ
2021-07-06 02:32:58 [错误] [ TxtSourceLoader::ParseMethodCode ]          >> [行代码] CQ.发送群消息 (群号, CQ.At (Q号) ＋ CQ.Image (“file:///” ＋ 图片), 假)
2021-07-06 02:32:58 [错误] [ TxtSourceLoader::ParseCodeRange ]         未知的变量: CQ
2021-07-06 02:32:58 [错误] [ TxtSourceLoader::ParseCall ]              解析范围出错！[原因] 未知的变量: CQ
2021-07-06 02:32:58 [错误] [ TxtSourceLoader::ParseMethodCode ]          >> [行代码] CQ.发送私聊消息 (Q号, “GetProfile: ” ＋ Response, 假)
2021-07-06 02:32:58 [错误] [ TxtSourceLoader::ParseCodeRange ]         未知的变量: CQ
2021-07-06 02:32:58 [错误] [ TxtSourceLoader::ParseCall ]              解析范围出错！[原因] 未知的变量: CQ
2021-07-06 02:32:58 [错误] [ TxtSourceLoader::ParseMethodCode ]          >> [行代码] CQ.发送群消息 (群号, CQ.At (Q号) ＋ “GetProfile: ” ＋ Response, 假)
2021-07-06 02:32:58 [错误] [ TxtSourceLoader::ParseCodeRange ]         未知的变量: CQ
2021-07-06 02:32:58 [错误] [ TxtSourceLoader::ParseCall ]              解析范围出错！[原因] 未知的变量: CQ
2021-07-06 02:32:58 [错误] [ TxtSourceLoader::ParseMethodCode ]          >> [行代码] CQ.发送私聊消息 (Q号, “GetMembershipDataById: ” ＋ Response, 假)
2021-07-06 02:32:58 [错误] [ TxtSourceLoader::ParseCodeRange ]         未知的变量: CQ
2021-07-06 02:32:58 [错误] [ TxtSourceLoader::ParseCall ]              解析范围出错！[原因] 未知的变量: CQ
2021-07-06 02:32:58 [错误] [ TxtSourceLoader::ParseMethodCode ]          >> [行代码] CQ.发送群消息 (群号, CQ.At (Q号) ＋ “GetMembershipDataById: ” ＋ Response, 假)
2021-07-06 02:32:58 [错误] [ TxtSourceLoader::ParseCodeRange ]         未知的变量: CQ
2021-07-06 02:32:58 [错误] [ TxtSourceLoader::ParseCall ]              解析范围出错！[原因] 未知的变量: CQ
2021-07-06 02:32:58 [错误] [ TxtSourceLoader::ParseMethodCode ]          >> [行代码] CQ.发送私聊消息 (Q号, “不要着急嘛~~~要不打个手枪?”, 假)
2021-07-06 02:32:58 [错误] [ TxtSourceLoader::ParseCodeRange ]         未知的变量: CQ
2021-07-06 02:32:58 [错误] [ TxtSourceLoader::ParseCall ]              解析范围出错！[原因] 未知的变量: CQ
2021-07-06 02:32:58 [错误] [ TxtSourceLoader::ParseMethodCode ]          >> [行代码] CQ.发送群消息 (群号, CQ.At (Q号) ＋ “不要着急嘛~~~要不打个手枪?”, 假)
2021-07-06 02:32:58 [错误] [ TxtSourceLoader::ParseCodeRange ]         未知的变量: CQ
2021-07-06 02:32:58 [错误] [ TxtSourceLoader::ParseCall ]              解析范围出错！[原因] 未知的变量: CQ
2021-07-06 02:32:58 [错误] [ TxtSourceLoader::ParseMethodCode ]          >> [行代码] CQ.发送私聊消息 (Q号, “暂无数据！”, 假)
2021-07-06 02:32:58 [错误] [ TxtSourceLoader::ParseCodeRange ]         未知的变量: CQ
2021-07-06 02:32:58 [错误] [ TxtSourceLoader::ParseCall ]              解析范围出错！[原因] 未知的变量: CQ
2021-07-06 02:32:58 [错误] [ TxtSourceLoader::ParseMethodCode ]          >> [行代码] CQ.发送群消息 (群号, CQ.At (Q号) ＋ “暂无数据！”, 假)
2021-07-06 02:32:58 [错误] [ TxtSourceLoader::ParseCodeRange ]         未知的变量: CQ
2021-07-06 02:32:58 [错误] [ TxtSourceLoader::ParseCall ]              解析范围出错！[原因] 未知的变量: CQ
2021-07-06 02:32:58 [错误] [ TxtSourceLoader::ParseMethodCode ]          >> [行代码] CQ.发送私聊消息 (Q号, CQ.Image (“file:///” ＋ 图片), 假)
2021-07-06 02:32:58 [错误] [ TxtSourceLoader::ParseCodeRange ]         未知的变量: CQ
2021-07-06 02:32:58 [错误] [ TxtSourceLoader::ParseCall ]              解析范围出错！[原因] 未知的变量: CQ
2021-07-06 02:32:58 [错误] [ TxtSourceLoader::ParseMethodCode ]          >> [行代码] CQ.发送群消息 (群号, CQ.At (Q号) ＋ CQ.Image (“file:///” ＋ 图片), 假)
2021-07-06 02:32:58 [错误] [ TxtSourceLoader::ParseCodeRange ]         未知的变量: CQ
2021-07-06 02:32:58 [错误] [ TxtSourceLoader::ParseCall ]              解析范围出错！[原因] 未知的变量: CQ
2021-07-06 02:32:58 [错误] [ TxtSourceLoader::ParseMethodCode ]          >> [行代码] CQ.发送私聊消息 (Q号, data.取文本 (“//errors[1].message”), 假)
2021-07-06 02:32:58 [错误] [ TxtSourceLoader::ParseCodeRange ]         未知的变量: CQ
2021-07-06 02:32:58 [错误] [ TxtSourceLoader::ParseCall ]              解析范围出错！[原因] 未知的变量: CQ
2021-07-06 02:32:58 [错误] [ TxtSourceLoader::ParseMethodCode ]          >> [行代码] CQ.发送群消息 (群号, CQ.At (Q号) ＋ data.取文本 (“//errors[1].message”), 假)
2021-07-06 02:32:58 [错误] [ TxtSourceLoader::ParseCodeRange ]         未知的变量: CQ
2021-07-06 02:32:58 [错误] [ TxtSourceLoader::ParseCall ]              解析范围出错！[原因] 未知的变量: CQ
2021-07-06 02:32:58 [错误] [ TxtSourceLoader::ParseMethodCode ]          >> [行代码] CQ.发送私聊消息 (Q号, “API相应超时”, 假)
2021-07-06 02:32:58 [错误] [ TxtSourceLoader::ParseCodeRange ]         未知的变量: CQ
2021-07-06 02:32:58 [错误] [ TxtSourceLoader::ParseCall ]              解析范围出错！[原因] 未知的变量: CQ
2021-07-06 02:32:58 [错误] [ TxtSourceLoader::ParseMethodCode ]          >> [行代码] CQ.发送群消息 (群号, CQ.At (Q号) ＋ “API相应超时”, 假)
2021-07-06 02:32:58 [错误] [ TxtSourceLoader::ParseCodeRange ]         未知的变量: CQ
2021-07-06 02:32:58 [错误] [ TxtSourceLoader::ParseCall ]              解析范围出错！[原因] 未知的变量: CQ
2021-07-06 02:32:58 [错误] [ TxtSourceLoader::ParseMethodCode ]          >> [行代码] CQ.发送私聊消息 (Q号, head ＋ body, 假)
2021-07-06 02:32:58 [错误] [ TxtSourceLoader::ParseCodeRange ]         未知的变量: CQ
2021-07-06 02:32:58 [错误] [ TxtSourceLoader::ParseCall ]              解析范围出错！[原因] 未知的变量: CQ
2021-07-06 02:32:58 [错误] [ TxtSourceLoader::ParseMethodCode ]          >> [行代码] CQ.发送群消息 (群号, CQ.At (Q号) ＋ #换行符 ＋ head ＋ body, 假)
2021-07-06 02:32:59 [错误] [ TxtSourceLoader::ParseCodeRange ]         未知的变量: CQ
2021-07-06 02:32:59 [错误] [ TxtSourceLoader::ParseCall ]              解析范围出错！[原因] 未知的变量: CQ
2021-07-06 02:32:59 [错误] [ TxtSourceLoader::ParseMethodCode ]          >> [行代码] CQ.发送私聊消息 (Q号, “搜！不！到！”, 假)
2021-07-06 02:32:59 [错误] [ TxtSourceLoader::ParseCodeRange ]         未知的变量: CQ
2021-07-06 02:32:59 [错误] [ TxtSourceLoader::ParseCall ]              解析范围出错！[原因] 未知的变量: CQ
2021-07-06 02:32:59 [错误] [ TxtSourceLoader::ParseMethodCode ]          >> [行代码] CQ.发送群消息 (群号, CQ.At (Q号) ＋ “搜！不！到！”, 假)
2021-07-06 02:32:59 [错误] [ TxtSourceLoader::ParseCodeRange ]         未知的变量: CQ
2021-07-06 02:32:59 [错误] [ TxtSourceLoader::ParseCall ]              解析范围出错！[原因] 未知的变量: CQ
2021-07-06 02:32:59 [错误] [ TxtSourceLoader::ParseMethodCode ]          >> [行代码] CQ.发送私聊消息 (Q号, head ＋ body, 假)
2021-07-06 02:32:59 [错误] [ TxtSourceLoader::ParseCodeRange ]         未知的变量: CQ
2021-07-06 02:32:59 [错误] [ TxtSourceLoader::ParseCall ]              解析范围出错！[原因] 未知的变量: CQ
2021-07-06 02:32:59 [错误] [ TxtSourceLoader::ParseMethodCode ]          >> [行代码] CQ.发送群消息 (群号, CQ.At (Q号) ＋ #换行符 ＋ head ＋ body, 假)
2021-07-06 02:32:59 [错误] [ TxtSourceLoader::ParseCodeRange ]         未知的变量: CQ
2021-07-06 02:32:59 [错误] [ TxtSourceLoader::ParseCall ]              解析范围出错！[原因] 未知的变量: CQ
2021-07-06 02:32:59 [错误] [ TxtSourceLoader::ParseMethodCode ]          >> [行代码] CQ.发送私聊消息 (Q号, Response, 真)
2021-07-06 02:32:59 [错误] [ TxtSourceLoader::ParseCodeRange ]         未知的变量: CQ
2021-07-06 02:32:59 [错误] [ TxtSourceLoader::ParseCall ]              解析范围出错！[原因] 未知的变量: CQ
2021-07-06 02:32:59 [错误] [ TxtSourceLoader::ParseMethodCode ]          >> [行代码] CQ.发送群消息 (群号, CQ.At (Q号) ＋ Response, 假)
2021-07-06 02:32:59 [错误] [ TxtSourceLoader::ParseCodeRange ]         未知的变量: CQ
2021-07-06 02:32:59 [错误] [ TxtSourceLoader::ParseCall ]              解析范围出错！[原因] 未知的变量: CQ
2021-07-06 02:32:59 [错误] [ TxtSourceLoader::ParseMethodCode ]          >> [行代码] CQ.初始化 (&private, &group, &notice, &request, &ws)
2021-07-06 02:32:59 [错误] [ TxtSourceLoader::ParseCodeRange ]         未知的变量: CQ
2021-07-06 02:32:59 [错误] [ TxtSourceLoader::ParseCall ]              解析范围出错！[原因] 未知的变量: CQ
2021-07-06 02:32:59 [错误] [ TxtSourceLoader::ParseMethodCode ]          >> [行代码] CQ.发送私聊消息 (QQ, “[Link To ID] 从Steam服务器获取失败”, 假)
2021-07-06 02:32:59 [错误] [ TxtSourceLoader::ParseCodeRange ]         未知的变量: CQ
2021-07-06 02:32:59 [错误] [ TxtSourceLoader::ParseCall ]              解析范围出错！[原因] 未知的变量: CQ
2021-07-06 02:32:59 [错误] [ TxtSourceLoader::ParseMethodCode ]          >> [行代码] CQ.发送群消息 (Group, “[Link To ID] 从Steam服务器获取失败”, 假)
2021-07-06 02:32:59 [错误] [ TxtSourceLoader::ParseCodeRange ]         未知的变量: CQ
2021-07-06 02:32:59 [错误] [ TxtSourceLoader::ParseCall ]              解析范围出错！[原因] 未知的变量: CQ
2021-07-06 02:32:59 [错误] [ TxtSourceLoader::ParseMethodCode ]          >> [行代码] CQ.发送私聊消息 (QQ, “已绑定” ＋ #换行符 ＋ info, 假)
2021-07-06 02:32:59 [错误] [ TxtSourceLoader::ParseCodeRange ]         未知的变量: CQ
2021-07-06 02:32:59 [错误] [ TxtSourceLoader::ParseCall ]              解析范围出错！[原因] 未知的变量: CQ
2021-07-06 02:32:59 [错误] [ TxtSourceLoader::ParseMethodCode ]          >> [行代码] CQ.发送群消息 (Group, CQ.At (QQ) ＋ #换行符 ＋ “已绑定” ＋ #换行符 ＋ info, 假)
2021-07-06 02:32:59 [错误] [ TxtSourceLoader::ParseCodeRange ]         未知的变量: CQ
2021-07-06 02:32:59 [错误] [ TxtSourceLoader::ParseCall ]              解析范围出错！[原因] 未知的变量: CQ
2021-07-06 02:32:59 [错误] [ TxtSourceLoader::ParseMethodCode ]          >> [行代码] CQ.发送私聊消息 (QQ, Res, 假)
2021-07-06 02:32:59 [错误] [ TxtSourceLoader::ParseCodeRange ]         未知的变量: CQ
2021-07-06 02:32:59 [错误] [ TxtSourceLoader::ParseCall ]              解析范围出错！[原因] 未知的变量: CQ
2021-07-06 02:32:59 [错误] [ TxtSourceLoader::ParseMethodCode ]          >> [行代码] CQ.发送群消息 (Group, CQ.At (QQ) ＋ “绑定 | ” ＋ Res, 假)
